Log file open, 03/18/17 19:38:50
LogInit:Display: Running engine for game: BuildingEscape
LogPlatformFile: Not using cached read wrapper
LogInit:Display: RandInit(-1100231171) SRandInit(-1100231171).
LogTaskGraph: Started task graph with 5 named threads and 8 total threads with 1 sets of task threads.
LogStats: Stats thread started at 0.067236
LogPluginManager: Loaded Plugin Paper2D, From D:/Epic Games/4.14/Engine/Plugins/2D/Paper2D/Paper2D.uplugin
LogPluginManager: Loaded Plugin LightPropagationVolume, From D:/Epic Games/4.14/Engine/Plugins/Blendables/LightPropagationVolume/LightPropagationVolume.uplugin
LogPluginManager: Loaded Plugin BlankPlugin, From D:/Epic Games/4.14/Engine/Plugins/Developer/BlankPlugin/BlankPlugin.uplugin
LogPluginManager: Loaded Plugin CodeLiteSourceCodeAccess, From D:/Epic Games/4.14/Engine/Plugins/Developer/CodeLiteSourceCodeAccess/CodeLiteSourceCodeAccess.uplugin
LogPluginManager: Loaded Plugin GitSourceControl, From D:/Epic Games/4.14/Engine/Plugins/Developer/GitSourceControl/GitSourceControl.uplugin
LogPluginManager: Loaded Plugin KDevelopSourceCodeAccess, From D:/Epic Games/4.14/Engine/Plugins/Developer/KDevelopSourceCodeAccess/KDevelopSourceCodeAccess.uplugin
LogPluginManager: Loaded Plugin NullSourceCodeAccess, From D:/Epic Games/4.14/Engine/Plugins/Developer/NullSourceCodeAccess/NullSourceCodeAccess.uplugin
LogPluginManager: Loaded Plugin OneSkyLocalizationService, From D:/Epic Games/4.14/Engine/Plugins/Developer/OneSkyLocalizationService/OneSkyLocalizationService.uplugin
LogPluginManager: Loaded Plugin PerforceSourceControl, From D:/Epic Games/4.14/Engine/Plugins/Developer/PerforceSourceControl/PerforceSourceControl.uplugin
LogPluginManager: Loaded Plugin SubversionSourceControl, From D:/Epic Games/4.14/Engine/Plugins/Developer/SubversionSourceControl/SubversionSourceControl.uplugin
LogPluginManager: Loaded Plugin UObjectPlugin, From D:/Epic Games/4.14/Engine/Plugins/Developer/UObjectPlugin/UObjectPlugin.uplugin
LogPluginManager: Loaded Plugin VisualStudioSourceCodeAccess, From D:/Epic Games/4.14/Engine/Plugins/Developer/VisualStudioSourceCodeAccess/VisualStudioSourceCodeAccess.uplugin
LogPluginManager: Loaded Plugin XCodeSourceCodeAccess, From D:/Epic Games/4.14/Engine/Plugins/Developer/XCodeSourceCodeAccess/XCodeSourceCodeAccess.uplugin
LogPluginManager: Loaded Plugin AudioCapture, From D:/Epic Games/4.14/Engine/Plugins/Editor/AudioCapture/AudioCapture.uplugin
LogPluginManager: Loaded Plugin EpicSurvey, From D:/Epic Games/4.14/Engine/Plugins/Editor/EpicSurvey/EpicSurvey.uplugin
LogPluginManager: Loaded Plugin MacGraphicsSwitching, From D:/Epic Games/4.14/Engine/Plugins/Editor/MacGraphicsSwitching/MacGraphicsSwitching.uplugin
LogPluginManager: Loaded Plugin MobileLauncherProfileWizard, From D:/Epic Games/4.14/Engine/Plugins/Editor/MobileLauncherProfileWizard/MobileLauncherProfileWizard.uplugin
LogPluginManager: Loaded Plugin PluginBrowser, From D:/Epic Games/4.14/Engine/Plugins/Editor/PluginBrowser/PluginBrowser.uplugin
LogPluginManager: Loaded Plugin SpeedTreeImporter, From D:/Epic Games/4.14/Engine/Plugins/Editor/SpeedTreeImporter/SpeedTreeImporter.uplugin
LogPluginManager: Loaded Plugin SuperSearchEditor, From D:/Epic Games/4.14/Engine/Plugins/Editor/SuperSearchEditor/SuperSearchEditor.uplugin
LogPluginManager: Loaded Plugin AlembicImporter, From D:/Epic Games/4.14/Engine/Plugins/Experimental/AlembicImporter/AlembicImporter.uplugin
LogPluginManager: Loaded Plugin BlueprintStats, From D:/Epic Games/4.14/Engine/Plugins/Experimental/BlueprintStats/BlueprintStats.uplugin
LogPluginManager: Loaded Plugin CharacterAI, From D:/Epic Games/4.14/Engine/Plugins/Experimental/CharacterAI/CharacterAI.uplugin
LogPluginManager: Loaded Plugin CodeEditor, From D:/Epic Games/4.14/Engine/Plugins/Experimental/CodeEditor/CodeEditor.uplugin
LogPluginManager: Loaded Plugin CodeView, From D:/Epic Games/4.14/Engine/Plugins/Experimental/CodeView/CodeView.uplugin
LogPluginManager: Loaded Plugin HTML5Networking, From D:/Epic Games/4.14/Engine/Plugins/Experimental/HTML5Networking/HTML5Networking.uplugin
LogPluginManager: Loaded Plugin OSVR, From D:/Epic Games/4.14/Engine/Plugins/Experimental/OSVR/OSVR.uplugin
LogPluginManager: Loaded Plugin Phya, From D:/Epic Games/4.14/Engine/Plugins/Experimental/Phya/Phya.uplugin
LogPluginManager: Loaded Plugin SignificanceManager, From D:/Epic Games/4.14/Engine/Plugins/Experimental/SignificanceManager/SignificanceManager.uplugin
LogPluginManager: Loaded Plugin SimpleHMD, From D:/Epic Games/4.14/Engine/Plugins/Experimental/SimpleHMD/SimpleHMD.uplugin
LogPluginManager: Loaded Plugin StereoPanorama, From D:/Epic Games/4.14/Engine/Plugins/Experimental/StereoPanorama/StereoPanorama.uplugin
LogPluginManager: Loaded Plugin StructBox, From D:/Epic Games/4.14/Engine/Plugins/Experimental/StructBox/StructBox.uplugin
LogPluginManager: Loaded Plugin AndroidMedia, From D:/Epic Games/4.14/Engine/Plugins/Media/AndroidMedia/AndroidMedia.uplugin
LogPluginManager: Loaded Plugin AvfMedia, From D:/Epic Games/4.14/Engine/Plugins/Media/AvfMedia/AvfMedia.uplugin
LogPluginManager: Loaded Plugin MediaPlayerEditor, From D:/Epic Games/4.14/Engine/Plugins/Media/MediaPlayerEditor/MediaPlayerEditor.uplugin
LogPluginManager: Loaded Plugin WmfMedia, From D:/Epic Games/4.14/Engine/Plugins/Media/WmfMedia/WmfMedia.uplugin
LogPluginManager: Loaded Plugin MessagingDebugger, From D:/Epic Games/4.14/Engine/Plugins/Messaging/MessagingDebugger/MessagingDebugger.uplugin
LogPluginManager: Loaded Plugin TcpMessaging, From D:/Epic Games/4.14/Engine/Plugins/Messaging/TcpMessaging/TcpMessaging.uplugin
LogPluginManager: Loaded Plugin UdpMessaging, From D:/Epic Games/4.14/Engine/Plugins/Messaging/UdpMessaging/UdpMessaging.uplugin
LogPluginManager: Loaded Plugin LevelSequenceEditor, From D:/Epic Games/4.14/Engine/Plugins/MovieScene/LevelSequenceEditor/LevelSequenceEditor.uplugin
LogPluginManager: Loaded Plugin MatineeToLevelSequence, From D:/Epic Games/4.14/Engine/Plugins/MovieScene/MatineeToLevelSequence/MatineeToLevelSequence.uplugin
LogPluginManager: Loaded Plugin NetcodeUnitTest, From D:/Epic Games/4.14/Engine/Plugins/NetcodeUnitTest/NetcodeUnitTest/NetcodeUnitTest.uplugin
LogPluginManager: Loaded Plugin NUTUnrealEngine4, From D:/Epic Games/4.14/Engine/Plugins/NetcodeUnitTest/NUTUnrealEngine4/NUTUnrealEngine4.uplugin
LogPluginManager: Loaded Plugin OnlineSubsystemGameCircle, From D:/Epic Games/4.14/Engine/Plugins/Online/Android/OnlineSubsystemGameCircle/OnlineSubsystemGameCircle.uplugin
LogPluginManager: Loaded Plugin OnlineSubsystemGooglePlay, From D:/Epic Games/4.14/Engine/Plugins/Online/Android/OnlineSubsystemGooglePlay/OnlineSubsystemGooglePlay.uplugin
LogPluginManager: Loaded Plugin OnlineSubsystemIOS, From D:/Epic Games/4.14/Engine/Plugins/Online/IOS/OnlineSubsystemIOS/OnlineSubsystemIOS.uplugin
LogPluginManager: Loaded Plugin OnlineFramework, From D:/Epic Games/4.14/Engine/Plugins/Online/OnlineFramework/OnlineFramework.uplugin
LogPluginManager: Loaded Plugin OnlineSubsystem, From D:/Epic Games/4.14/Engine/Plugins/Online/OnlineSubsystem/OnlineSubsystem.uplugin
LogPluginManager: Loaded Plugin OnlineSubsystemAmazon, From D:/Epic Games/4.14/Engine/Plugins/Online/OnlineSubsystemAmazon/OnlineSubsystemAmazon.uplugin
LogPluginManager: Loaded Plugin OnlineSubsystemFacebook, From D:/Epic Games/4.14/Engine/Plugins/Online/OnlineSubsystemFacebook/OnlineSubsystemFacebook.uplugin
LogPluginManager: Loaded Plugin OnlineSubsystemNull, From D:/Epic Games/4.14/Engine/Plugins/Online/OnlineSubsystemNull/OnlineSubsystemNull.uplugin
LogPluginManager: Loaded Plugin OnlineSubsystemOculus, From D:/Epic Games/4.14/Engine/Plugins/Online/OnlineSubsystemOculus/OnlineSubsystemOculus.uplugin
LogPluginManager: Loaded Plugin OnlineSubsystemSteam, From D:/Epic Games/4.14/Engine/Plugins/Online/OnlineSubsystemSteam/OnlineSubsystemSteam.uplugin
LogPluginManager: Loaded Plugin OnlineSubsystemUtils, From D:/Epic Games/4.14/Engine/Plugins/Online/OnlineSubsystemUtils/OnlineSubsystemUtils.uplugin
LogPluginManager: Loaded Plugin IOSTapJoy, From D:/Epic Games/4.14/Engine/Plugins/Runtime/Advertising/IOSTapJoy/IOSTapJoy.uplugin
LogPluginManager: Loaded Plugin AnalyticsBlueprintLibrary, From D:/Epic Games/4.14/Engine/Plugins/Runtime/Analytics/AnalyticsBlueprintLibrary/AnalyticsBlueprintLibrary.uplugin
LogPluginManager: Loaded Plugin AnalyticsMulticast, From D:/Epic Games/4.14/Engine/Plugins/Runtime/Analytics/AnalyticsMulticast/AnalyticsMulticast.uplugin
LogPluginManager: Loaded Plugin Apsalar, From D:/Epic Games/4.14/Engine/Plugins/Runtime/Analytics/Apsalar/Apsalar.uplugin
LogPluginManager: Loaded Plugin FileLogging, From D:/Epic Games/4.14/Engine/Plugins/Runtime/Analytics/FileLogging/FileLogging.uplugin
LogPluginManager: Loaded Plugin Flurry, From D:/Epic Games/4.14/Engine/Plugins/Runtime/Analytics/Flurry/Flurry.uplugin
LogPluginManager: Loaded Plugin AndroidDeviceProfileSelector, From D:/Epic Games/4.14/Engine/Plugins/Runtime/AndroidDeviceProfileSelector/AndroidDeviceProfileSelector.uplugin
LogPluginManager: Loaded Plugin AndroidMoviePlayer, From D:/Epic Games/4.14/Engine/Plugins/Runtime/AndroidMoviePlayer/AndroidMoviePlayer.uplugin
LogPluginManager: Loaded Plugin AppleMoviePlayer, From D:/Epic Games/4.14/Engine/Plugins/Runtime/AppleMoviePlayer/AppleMoviePlayer.uplugin
LogPluginManager: Loaded Plugin ArchVisCharacter, From D:/Epic Games/4.14/Engine/Plugins/Runtime/ArchVisCharacter/ArchVisCharacter.uplugin
LogPluginManager: Loaded Plugin CableComponent, From D:/Epic Games/4.14/Engine/Plugins/Runtime/CableComponent/CableComponent.uplugin
LogPluginManager: Loaded Plugin CustomMeshComponent, From D:/Epic Games/4.14/Engine/Plugins/Runtime/CustomMeshComponent/CustomMeshComponent.uplugin
LogPluginManager: Loaded Plugin ExampleDeviceProfileSelector, From D:/Epic Games/4.14/Engine/Plugins/Runtime/ExampleDeviceProfileSelector/ExampleDeviceProfileSelector.uplugin
LogPluginManager: Loaded Plugin GearVR, From D:/Epic Games/4.14/Engine/Plugins/Runtime/GearVR/GearVR.uplugin
LogPluginManager: Loaded Plugin GoogleVRController, From D:/Epic Games/4.14/Engine/Plugins/Runtime/GoogleVR/GoogleVRController/GoogleVRController.uplugin
LogPluginManager: Loaded Plugin GoogleVRHMD, From D:/Epic Games/4.14/Engine/Plugins/Runtime/GoogleVR/GoogleVRHMD/GoogleVRHMD.uplugin
LogPluginManager: Loaded Plugin IOSDeviceProfileSelector, From D:/Epic Games/4.14/Engine/Plugins/Runtime/IOSDeviceProfileSelector/IOSDeviceProfileSelector.uplugin
LogPluginManager: Loaded Plugin LeapMotion, From D:/Epic Games/4.14/Engine/Plugins/Runtime/LeapMotion/LeapMotion.uplugin
LogPluginManager: Loaded Plugin LinuxDeviceProfileSelector, From D:/Epic Games/4.14/Engine/Plugins/Runtime/LinuxDeviceProfileSelector/LinuxDeviceProfileSelector.uplugin
LogPluginManager: Loaded Plugin MIDIDevice, From D:/Epic Games/4.14/Engine/Plugins/Runtime/MIDIDevice/MIDIDevice.uplugin
LogPluginManager: Loaded Plugin MobilePatchingUtils, From D:/Epic Games/4.14/Engine/Plugins/Runtime/MobilePatchingUtils/MobilePatchingUtils.uplugin
LogPluginManager: Loaded Plugin Ansel, From D:/Epic Games/4.14/Engine/Plugins/Runtime/Nvidia/Ansel/Ansel.uplugin
LogPluginManager: Loaded Plugin OculusAudio, From D:/Epic Games/4.14/Engine/Plugins/Runtime/OculusAudio/OculusAudio.uplugin
LogPluginManager: Loaded Plugin OculusInput, From D:/Epic Games/4.14/Engine/Plugins/Runtime/OculusInput/OculusInput.uplugin
LogPluginManager: Loaded Plugin OculusLibrary, From D:/Epic Games/4.14/Engine/Plugins/Runtime/OculusLibrary/OculusLibrary.uplugin
LogPluginManager: Loaded Plugin OculusRift, From D:/Epic Games/4.14/Engine/Plugins/Runtime/OculusRift/OculusRift.uplugin
LogPluginManager: Loaded Plugin Oodle, From D:/Epic Games/4.14/Engine/Plugins/Runtime/PacketHandlers/CompressionComponents/Oodle/Oodle.uplugin
LogPluginManager: Loaded Plugin ProceduralMeshComponent, From D:/Epic Games/4.14/Engine/Plugins/Runtime/ProceduralMeshComponent/ProceduralMeshComponent.uplugin
LogPluginManager: Loaded Plugin SoundMod, From D:/Epic Games/4.14/Engine/Plugins/Runtime/SoundMod/SoundMod.uplugin
LogPluginManager: Loaded Plugin SoundVisualizations, From D:/Epic Games/4.14/Engine/Plugins/Runtime/SoundVisualizations/SoundVisualizations.uplugin
LogPluginManager: Loaded Plugin SteamController, From D:/Epic Games/4.14/Engine/Plugins/Runtime/Steam/SteamController/SteamController.uplugin
LogPluginManager: Loaded Plugin SteamVR, From D:/Epic Games/4.14/Engine/Plugins/Runtime/Steam/SteamVR/SteamVR.uplugin
LogPluginManager: Loaded Plugin WebBrowserWidget, From D:/Epic Games/4.14/Engine/Plugins/Runtime/WebBrowserWidget/WebBrowserWidget.uplugin
LogPluginManager: Loaded Plugin WindowsDeviceProfileSelector, From D:/Epic Games/4.14/Engine/Plugins/Runtime/WindowsDeviceProfileSelector/WindowsDeviceProfileSelector.uplugin
LogPluginManager: Loaded Plugin WindowsMoviePlayer, From D:/Epic Games/4.14/Engine/Plugins/Runtime/WindowsMoviePlayer/WindowsMoviePlayer.uplugin
LogPluginManager: Loaded Plugin ScriptPlugin, From D:/Epic Games/4.14/Engine/Plugins/ScriptPlugin/ScriptPlugin.uplugin
LogPluginManager: Loaded Plugin SlateRemote, From D:/Epic Games/4.14/Engine/Plugins/Slate/SlateRemote/SlateRemote.uplugin
LogPluginManager: Loaded Plugin EditorTests, From D:/Epic Games/4.14/Engine/Plugins/Tests/EditorTests/EditorTests.uplugin
LogPluginManager: Loaded Plugin FbxAutomationTestBuilder, From D:/Epic Games/4.14/Engine/Plugins/Tests/FbxAutomationTestBuilder/FbxAutomationTestBuilder.uplugin
LogPluginManager: Loaded Plugin FunctionalTestingEditor, From D:/Epic Games/4.14/Engine/Plugins/Tests/FunctionalTestingEditor/FunctionalTestingEditor.uplugin
LogPluginManager: Loaded Plugin RuntimeTests, From D:/Epic Games/4.14/Engine/Plugins/Tests/RuntimeTests/RuntimeTests.uplugin
LogPluginManager: Loaded Plugin ScreenshotTools, From D:/Epic Games/4.14/Engine/Plugins/Tests/ScreenshotTools/ScreenshotTools.uplugin
LogInit: Using libcurl 7.47.1
LogInit:  - built for x86_64-pc-win32
LogInit:  - supports SSL with OpenSSL/1.0.2g
LogInit:  - supports HTTP deflate (compression) using libz 1.2.8
LogInit:  - other features:
LogInit:      CURL_VERSION_SSL
LogInit:      CURL_VERSION_LIBZ
LogInit:      CURL_VERSION_IPV6
LogInit:      CURL_VERSION_ASYNCHDNS
LogInit:      CURL_VERSION_LARGEFILE
LogInit:      CURL_VERSION_IDN
LogInit:  CurlRequestOptions (configurable via config and command line):
LogInit:  - bVerifyPeer = false  - Libcurl will NOT verify peer certificate
LogInit:  - bUseHttpProxy = false  - Libcurl will NOT use HTTP proxy
LogInit:  - bDontReuseConnections = false  - Libcurl will reuse connections
LogInit:  - CertBundlePath = nullptr  - Libcurl will use whatever was configured at build time.
LogInit: Build: ++UE4+Release-4.14-CL-3249277
LogInit: Engine Version: 4.14.3-3249277+++UE4+Release-4.14
LogInit: Compatible Engine Version: 4.14.0-3195953+++UE4+Release-4.14
LogInit: Net CL: 3195953
LogDevObjectVersion: Number of dev versions registered: 13
LogDevObjectVersion:   Dev-Blueprints (B0D832E4-1F89-4F0D-ACCF-7EB736FD4AA2): 7
LogDevObjectVersion:   Dev-Build (E1C64328-A22C-4D53-A36C-8E866417BD8C): 0
LogDevObjectVersion:   Dev-Core (375EC13C-06E4-48FB-B500-84F0262A717E): 1
LogDevObjectVersion:   Dev-Editor (E4B068ED-F494-42E9-A231-DA0B2E46BB41): 8
LogDevObjectVersion:   Dev-Framework (CFFC743F-43B0-4480-9391-14DF171D2073): 17
LogDevObjectVersion:   Dev-Mobile (B02B49B5-BB20-44E9-A304-32B752E40360): 0
LogDevObjectVersion:   Dev-Networking (A4E4105C-59A1-49B5-A7C5-40C4547EDFEE): 0
LogDevObjectVersion:   Dev-Online (39C831C9-5AE6-47DC-9A44-9C173E1C8E7C): 0
LogDevObjectVersion:   Dev-Physics (78F01B33-EBEA-4F98-B9B4-84EACCB95AA2): 0
LogDevObjectVersion:   Dev-Platform (6631380F-2D4D-43E0-8009-CF276956A95A): 0
LogDevObjectVersion:   Dev-Rendering (12F88B9F-8875-4AFC-A67C-D90C383ABD29): 12
LogDevObjectVersion:   Dev-Sequencer (7B5AE74C-D270-4C10-A958-57980B212A5A): 1
LogDevObjectVersion:   Dev-VR (D7296918-1DD6-4BDD-9DE2-64A83CC13884): 0
LogInit: Compiled (64-bit): Jan  6 2017 10:49:43
LogInit: Compiled with Visual C++: 19.00.23026.00
LogInit: Build Configuration: Development
LogInit: Branch Name: ++UE4+Release-4.14
LogInit: Command line: -EpicPortal 
LogInit: Base directory: D:/Epic Games/4.14/Engine/Binaries/Win64/
LogInit: Installed Engine Build: 1
LogInit: Presizing for max 8388607 objects, including 0 objects not considered by GC, pre-allocating 0 bytes for permanent pool.
LogInit: Object subsystem initialized
[2017.03.18-19.38.50:532][  0]LogInit: Selected Device Profile: [Windows]
[2017.03.18-19.38.50:532][  0]LogInit: Applying CVar settings loaded from the selected device profile: [Windows]
[2017.03.18-19.38.50:540][  0]LogInit: Computer: KYLE-PC
[2017.03.18-19.38.50:540][  0]LogInit: User: Kyle
[2017.03.18-19.38.50:540][  0]LogInit: CPU Page size=65536, Cores=4
[2017.03.18-19.38.50:540][  0]LogInit: High frequency timer resolution =3.906244 MHz
[2017.03.18-19.38.50:540][  0]LogMemory: Memory total: Physical=15.9GB (16GB approx)
[2017.03.18-19.38.50:540][  0]LogMemory: Platform Memory Stats for Windows
[2017.03.18-19.38.50:540][  0]LogMemory: Process Physical Memory: 264.26 MB used, 264.26 MB peak
[2017.03.18-19.38.50:540][  0]LogMemory: Process Virtual Memory: 262.70 MB used, 262.70 MB peak
[2017.03.18-19.38.50:540][  0]LogMemory: Physical Memory: 9425.50 MB used,  6907.02 MB free, 16332.53 MB total
[2017.03.18-19.38.50:540][  0]LogMemory: Virtual Memory: 676.62 MB used,  6907.02 MB free, 134217728.00 MB total
[2017.03.18-19.38.50:579][  0]LogTextLocalizationManager: No specific translations for ('en-GB') exist, so ('en') translations will be used.
[2017.03.18-19.38.51:020][  0]LogD3D11RHI: D3D11 adapters:
[2017.03.18-19.38.51:063][  0]LogD3D11RHI:    0. 'NVIDIA GeForce GTX 970' (Feature Level 11_0)
[2017.03.18-19.38.51:063][  0]LogD3D11RHI:       3958/0/8166 MB DedicatedVideo/DedicatedSystem/SharedSystem, Outputs:2, VendorId:0x10de
[2017.03.18-19.38.51:064][  0]LogD3D11RHI:    1. 'Microsoft Basic Render Driver' (Feature Level 11_0)
[2017.03.18-19.38.51:064][  0]LogD3D11RHI:       0/0/8166 MB DedicatedVideo/DedicatedSystem/SharedSystem, Outputs:0, VendorId:0x1414
[2017.03.18-19.38.51:064][  0]LogD3D11RHI: Chosen D3D11 Adapter: 0
[2017.03.18-19.38.51:070][  0]LogD3D11RHI: Creating new Direct3DDevice
[2017.03.18-19.38.51:070][  0]LogD3D11RHI:     GPU DeviceId: 0x13c2 (for the marketing name, search the web for "GPU Device Id")
[2017.03.18-19.38.51:070][  0]LogWindows: EnumDisplayDevices:
[2017.03.18-19.38.51:070][  0]LogWindows:    0. 'NVIDIA GeForce GTX 970' (P:1 D:1)
[2017.03.18-19.38.51:070][  0]LogWindows:    1. 'NVIDIA GeForce GTX 970' (P:0 D:1)
[2017.03.18-19.38.51:070][  0]LogWindows:    2. 'NVIDIA GeForce GTX 970' (P:0 D:0)
[2017.03.18-19.38.51:070][  0]LogWindows:    3. 'NVIDIA GeForce GTX 970' (P:0 D:0)
[2017.03.18-19.38.51:071][  0]LogWindows: DebugString: FoundDriverCount:4 
[2017.03.18-19.38.51:071][  0]LogD3D11RHI:     Adapter Name: NVIDIA GeForce GTX 970
[2017.03.18-19.38.51:071][  0]LogD3D11RHI:   Driver Version: 378.49 (internal:21.21.13.7849, unified:378.49)
[2017.03.18-19.38.51:071][  0]LogD3D11RHI:      Driver Date: 1-20-2017
[2017.03.18-19.38.51:071][  0]LogRHI: Texture pool is 1361 MB (70% of 1945 MB)
[2017.03.18-19.38.51:087][  0]LogD3D11RHI: Async texture creation enabled
[2017.03.18-19.38.51:097][  0]LogD3D11RHI: GPU Timing Frequency: 1000.000000 (Debug: 2 1)
[2017.03.18-19.38.51:097][  0]LogShaderCompilers: Guid format shader working directory is 13 characters bigger than the processId version (E:/UE4-Course/UE4-COURSE/BuildingEscape/Intermediate/Shaders/WorkingDirectory/19332/).
[2017.03.18-19.38.51:097][  0]LogShaderCompilers: Cleaned the shader compiler working directory 'C:/Users/Kyle.Kyle-PC/AppData/Local/Temp/UnrealShaderWorkingDir/46B8A7A3434B544E5996AC8B7B4CC87A/'.
[2017.03.18-19.38.51:097][  0]LogShaderCompilers:Display: Using Local Shader Compiler.
[2017.03.18-19.38.52:002][  0]LogTemp:Display: Loaded TP AllDesktopTargetPlatform
[2017.03.18-19.38.52:034][  0]LogTemp:Display: Loaded TP MacClientTargetPlatform
[2017.03.18-19.38.52:069][  0]LogTemp:Display: Loaded TP MacNoEditorTargetPlatform
[2017.03.18-19.38.52:101][  0]LogTemp:Display: Loaded TP MacServerTargetPlatform
[2017.03.18-19.38.52:132][  0]LogTemp:Display: Loaded TP MacTargetPlatform
[2017.03.18-19.38.52:165][  0]LogTemp:Display: Loaded TP WindowsClientTargetPlatform
[2017.03.18-19.38.52:198][  0]LogTemp:Display: Loaded TP WindowsNoEditorTargetPlatform
[2017.03.18-19.38.52:230][  0]LogTemp:Display: Loaded TP WindowsServerTargetPlatform
[2017.03.18-19.38.52:255][  0]LogTemp:Display: Loaded TP WindowsTargetPlatform
[2017.03.18-19.38.52:287][  0]LogTemp:Display: Loaded TP AndroidTargetPlatform
[2017.03.18-19.38.52:318][  0]LogTemp:Display: Loaded TP Android_ASTCTargetPlatform
[2017.03.18-19.38.52:350][  0]LogTemp:Display: Loaded TP Android_ATCTargetPlatform
[2017.03.18-19.38.52:382][  0]LogTemp:Display: Loaded TP Android_DXTTargetPlatform
[2017.03.18-19.38.52:414][  0]LogTemp:Display: Loaded TP Android_ETC1TargetPlatform
[2017.03.18-19.38.52:446][  0]LogTemp:Display: Loaded TP Android_ETC2TargetPlatform
[2017.03.18-19.38.52:508][  0]LogTemp:Display: Loaded TP Android_MultiTargetPlatform
[2017.03.18-19.38.52:508][  0]LogTemp:Display: Loaded TP Android_PVRTCTargetPlatform
[2017.03.18-19.38.52:528][  0]LogTemp:Display: Loaded TP HTML5TargetPlatform
[2017.03.18-19.38.52:582][  0]LogTemp:Display: Loaded TP IOSTargetPlatform
[2017.03.18-19.38.52:602][  0]LogTemp:Display: Loaded TP TVOSTargetPlatform
[2017.03.18-19.38.52:634][  0]LogTemp:Display: Loaded TP LinuxClientTargetPlatform
[2017.03.18-19.38.52:667][  0]LogTemp:Display: Loaded TP LinuxNoEditorTargetPlatform
[2017.03.18-19.38.52:699][  0]LogTemp:Display: Loaded TP LinuxServerTargetPlatform
[2017.03.18-19.38.52:732][  0]LogTemp:Display: Loaded TP LinuxTargetPlatform
[2017.03.18-19.38.52:732][  0]LogTargetPlatformManager:Display: Building Assets For Windows
[2017.03.18-19.38.52:941][  0]LogDerivedDataCache:Display: Max Cache Size: 512 MB
[2017.03.18-19.38.52:980][  0]LogDerivedDataCache: Loaded boot cache 0.04s 50MB C:/Users/Kyle.Kyle-PC/AppData/Local/UnrealEngine/4.14/DerivedDataCache/Boot.ddc.
[2017.03.18-19.38.52:980][  0]LogDerivedDataCache:Display: Loaded Boot cache: C:/Users/Kyle.Kyle-PC/AppData/Local/UnrealEngine/4.14/DerivedDataCache/Boot.ddc
[2017.03.18-19.38.52:980][  0]LogDerivedDataCache: FDerivedDataBackendGraph:  Pak pak cache file E:/UE4-Course/UE4-COURSE/BuildingEscape/DerivedDataCache/DDC.ddp not found, will not use a pak cache.
[2017.03.18-19.38.52:980][  0]LogDerivedDataCache: Unable to find inner node Pak for hierarchical cache Hierarchy.
[2017.03.18-19.38.52:980][  0]LogDerivedDataCache: FDerivedDataBackendGraph:  CompressedPak pak cache file E:/UE4-Course/UE4-COURSE/BuildingEscape/DerivedDataCache/Compressed.ddp not found, will not use a pak cache.
[2017.03.18-19.38.52:980][  0]LogDerivedDataCache: Unable to find inner node CompressedPak for hierarchical cache Hierarchy.
[2017.03.18-19.38.52:992][  0]LogDerivedDataCache:Display: Pak cache opened for reading ../../../Engine/DerivedDataCache/Compressed.ddp.
[2017.03.18-19.38.53:004][  0]LogDerivedDataCache: Using Local data cache path C:/Users/Kyle.Kyle-PC/AppData/Local/UnrealEngine/Common/DerivedDataCache: Writable
[2017.03.18-19.38.53:148][  0]LogInit: Selected Device Profile: [Windows]
[2017.03.18-19.38.53:150][  0]LogContentStreaming: Texture pool size is 0.00 MB
[2017.03.18-19.38.53:278][  0]LogMeshUtilities: Using QuadricMeshReduction for automatic static mesh reduction
[2017.03.18-19.38.53:301][  0]LogSimplygon: Simplygon DLL not present - disabling.
[2017.03.18-19.38.53:325][  0]LogMeshUtilities: Using SimplygonSwarm for distributed automatic mesh merging
[2017.03.18-19.38.53:325][  0]LogMeshUtilities: No automatic skeletal mesh reduction module available
[2017.03.18-19.38.53:325][  0]LogMeshUtilities: No automatic mesh merging module available
[2017.03.18-19.38.53:658][  0]LogNetVersion: GetLocalNetworkVersion: CL: 3195953, ProjectName: buildingescape, ProjectVersion: , EngineNetworkVersion: 2, GameNetworkVersion: 0, NetworkChecksum: 2542623411
[2017.03.18-19.38.53:699][  0]LogAssetRegistry: FAssetRegistry took 0.0212 seconds to start up
[2017.03.18-19.38.53:729][  0]LogPackageLocalizationCache: Processed 3 localized package path(s) for 2 prioritized culture(s) in 0.019977 seconds
[2017.03.18-19.38.53:733][  0]LogUObjectArray: 31946 objects as part of root set at end of initial load.
[2017.03.18-19.38.53:733][  0]LogUObjectAllocator: 6935848 out of 0 bytes used by permanent object pool.
[2017.03.18-19.38.53:733][  0]LogUObjectArray: CloseDisregardForGC: 0/0 objects in disregard for GC pool
[2017.03.18-19.38.53:761][  0]LogInit: WinSock: version 1.1 (2.2), MaxSocks=32767, MaxUdp=65467
[2017.03.18-19.38.54:149][  0]LogSlate: Using Freetype 2.6.0
[2017.03.18-19.38.54:149][  0]LogSlate: SlateFontCache - WITH_FREETYPE: 1, WITH_HARFBUZZ: 1
[2017.03.18-19.38.54:149][  0]LogSlate: SlateFontCache - WITH_FREETYPE: 1, WITH_HARFBUZZ: 1
[2017.03.18-19.38.54:633][  0]LogTcpMessaging: Initializing TcpMessaging bridge
[2017.03.18-19.38.54:657][  0]LogUdpMessaging: Initializing bridge on interface 0.0.0.0:0 to multicast group 230.0.0.1:6666.
[2017.03.18-19.38.54:873][  0]LogMaterial: Uniform references updated for custom material expression Custom.
[2017.03.18-19.38.55:086][  0]SourceControl: Info Source control is disabled
[2017.03.18-19.38.55:184][  0]SourceControl: Info Source control is disabled
[2017.03.18-19.38.55:208][  0]SourceControl: Info Source control is disabled
[2017.03.18-19.38.55:233][  0]SourceControl: Info Source control is disabled
[2017.03.18-19.38.55:917][  0]LogEngine: Initializing Engine...
[2017.03.18-19.38.55:918][  0]LogHMD: Failed to initialize OpenVR with code 100
[2017.03.18-19.38.56:063][  0]LogAIModule: Creating AISystem for world Untitled
[2017.03.18-19.38.56:086][  0]LogInit: XAudio2 using 'Speakers (Logitech G933 Gaming Headset)' : 8 channels at 48 kHz using 16 bits per sample (channel mask 0x63f)
[2017.03.18-19.38.56:104][  0]LogInit: FAudioDevice initialized.
[2017.03.18-19.38.56:126][  0]LogDerivedDataCache: Saved boot cache 0.02s 50MB C:/Users/Kyle.Kyle-PC/AppData/Local/UnrealEngine/4.14/DerivedDataCache/Boot.ddc.
[2017.03.18-19.38.56:132][  0]LogInit: Texture streaming: Enabled
[2017.03.18-19.38.56:229][  0]LogInit: Transaction tracking system initialized
[2017.03.18-19.38.56:409][  0]BlueprintLog: New page: Editor Load
[2017.03.18-19.38.56:883][  0]LocalizationService: Info Localization service is disabled
[2017.03.18-19.38.57:223][  0]LogConsoleResponse:Display: 
[2017.03.18-19.38.57:305][  0]LogCook:Display: Max memory allowance for cook 16384mb min free memory 0mb
[2017.03.18-19.38.57:305][  0]LogCook:Display: Mobile HDR setting 1
[2017.03.18-19.38.57:789][  0]LogFileCache: Scanning file cache for directory 'E:/UE4-Course/UE4-COURSE/BuildingEscape/Content/' took 0.01s
[2017.03.18-19.38.57:789][  0]SourceControl: Info Source control is disabled
[2017.03.18-19.38.57:789][  0]Cmd: MAP LOAD FILE="E:/UE4-Course/UE4-COURSE/BuildingEscape/Content/Main.umap" TEMPLATE=0 SHOWPROGRESS=1 FEATURELEVEL=3
[2017.03.18-19.38.57:789][  0]LightingResults: New page: Lighting Build
[2017.03.18-19.38.57:811][  0]MapCheck: New page: Map Check
[2017.03.18-19.38.57:811][  0]LightingResults: New page: Lighting Build
[2017.03.18-19.38.57:913][  0]LogAIModule: Creating AISystem for world Main
[2017.03.18-19.38.57:916][  0]LogEditorServer: Finished looking for orphan Actors (0.000 secs)
[2017.03.18-19.38.57:916][  0]Cmd: MAP CHECKDEP NOCLEARLOG
[2017.03.18-19.38.57:935][  0]MapCheck: Info Map check complete: 0 Error(s), 0 Warning(s), took 19.243ms to complete.
[2017.03.18-19.38.57:935][  0]LogFileHelpers: Loading map 'Main' took 0.147
[2017.03.18-19.38.57:992][  0]LogWindowsTextInputMethodSystem:Display: IME system now deactivated.
[2017.03.18-19.38.58:041][  0]LogCollectionManager: Loaded 0 collections in 0.000702 seconds
[2017.03.18-19.38.58:103][  0]LogFileCache: Scanning file cache for directory 'E:/UE4-Course/UE4-COURSE/BuildingEscape/Saved/Collections/' took 0.01s
[2017.03.18-19.38.58:103][  0]LogFileCache: Scanning file cache for directory 'E:/UE4-Course/UE4-COURSE/BuildingEscape/Content/Developers/Kyle/Collections/' took 0.01s
[2017.03.18-19.38.58:103][  0]LogFileCache: Scanning file cache for directory 'E:/UE4-Course/UE4-COURSE/BuildingEscape/Content/Collections/' took 0.01s
[2017.03.18-19.38.58:103][  0]LogCollectionManager: Rebuilt the GUID cache for 0 collections in 0.000002 seconds
[2017.03.18-19.38.58:110][  0]LogContentBrowser: Native class hierarchy populated in 0.0068 seconds. Added 2191 classes and 430 folders.
[2017.03.18-19.38.58:133][  0]LogStats: UGameplayTagsManager::ConstructGameplayTagTree: Construct from data asset -  0.000 s
[2017.03.18-19.38.58:133][  0]LogStats: UGameplayTagsManager::ConstructGameplayTagTree: GameplayTagTreeChangedEvent.Broadcast -  0.000 s
[2017.03.18-19.38.58:134][  0]LogContentBrowser: Native class hierarchy updated for 'GameplayTags' in 0.0008 seconds. Added 13 classes and 0 folders.
[2017.03.18-19.38.58:166][  0]LogContentBrowser: Native class hierarchy updated for 'WidgetCarousel' in 0.0007 seconds. Added 0 classes and 0 folders.
[2017.03.18-19.38.58:189][  0]LogContentBrowser: Native class hierarchy updated for 'AddContentDialog' in 0.0007 seconds. Added 0 classes and 0 folders.
[2017.03.18-19.38.58:212][  0]LogContentBrowser: Native class hierarchy updated for 'SceneOutliner' in 0.0011 seconds. Added 1 classes and 2 folders.
[2017.03.18-19.38.58:236][  0]LogCrashTracker: Crashtracker disabled due to settings.
[2017.03.18-19.38.58:242][  0]LogUObjectGlobals:Warning: Failed to find object 'Class None.'
[2017.03.18-19.38.58:289][  0]LogContentBrowser: Native class hierarchy updated for 'HierarchicalLODOutliner' in 0.0008 seconds. Added 1 classes and 2 folders.
[2017.03.18-19.38.58:289][  0]LogLoad: (Engine Initialization) Total time: 8.72 seconds
[2017.03.18-19.38.58:289][  0]LogLoad: (Engine Initialization) Total Blueprint compile time: 0.06 seconds
[2017.03.18-19.38.58:289][  0]LogExternalProfiler: Found external profiler: VSPerf
[2017.03.18-19.38.58:289][  0]LogExternalProfiler: Using external profiler: VSPerf
[2017.03.18-19.38.58:298][  0]LogOcInput: OculusInput pre-init called
[2017.03.18-19.38.58:312][  0]LogAssetRegistry: Asset discovery search completed in 4.6343 seconds
[2017.03.18-19.38.58:312][  0]LogCollectionManager: Rebuilt the object cache for 0 collections in 0.000001 seconds (found 0 objects)
[2017.03.18-19.38.58:312][  0]LogCollectionManager: Fixed up redirectors for 0 collections in 0.000010 seconds (updated 0 objects)
[2017.03.18-19.38.58:314][  0]LogContentStreaming: Texture pool size now 1000 MB
[2017.03.18-19.38.58:433][  0]LogRenderer: Reallocating scene render targets to support 1268x580 NumSamples 1 (Frame:2).
[2017.03.18-19.39.06:050][582]LogActorFactory: Actor Factory created SM_Chair
[2017.03.18-19.39.06:580][643]LogActorFactory: Actor Factory created SM_Chair
[2017.03.18-19.39.38:274][191]Running D:/Epic Games/4.14/Engine/Binaries/DotNET/UnrealBuildTool.exe  -projectfiles -project="E:/UE4-Course/UE4-COURSE/BuildingEscape/BuildingEscape.uproject" -game -rocket -progress
[2017.03.18-19.39.38:610][191]Discovering modules, targets and source code for project...
[2017.03.18-19.39.40:625][191]LogVSAccessor:Warning: Couldn't access Visual Studio
[2017.03.18-19.39.40:636][191]Recompiling BuildingEscape...
[2017.03.18-19.39.40:636][191]Launching UnrealBuildTool... [D:/Epic Games/4.14/Engine/Binaries/DotNET/UnrealBuildTool.exe BuildingEscape -ModuleWithSuffix BuildingEscape 1275 Win64 Development -editorrecompile -canskiplink "E:/UE4-Course/UE4-COURSE/BuildingEscape/BuildingEscape.uproject" ]
[2017.03.18-19.40.29:460][191]CompilerResultsLog: New page: Compilation - 18 Mar 2017 19:40:29
[2017.03.18-19.40.29:461][191]CompilerResultsLog: Info Performing full C++ include scan (hot reloading a new target)
[2017.03.18-19.40.29:461][191]CompilerResultsLog: Info Creating makefile for hot reloading BuildingEscape (no existing makefile)
[2017.03.18-19.40.29:461][191]CompilerResultsLog: Info Compiling game modules for hot reload
[2017.03.18-19.40.29:461][191]CompilerResultsLog: Info Parsing headers for BuildingEscapeEditor
[2017.03.18-19.40.29:461][191]CompilerResultsLog: Info   Running UnrealHeaderTool "E:\UE4-Course\UE4-COURSE\BuildingEscape\BuildingEscape.uproject" "E:\UE4-Course\UE4-COURSE\BuildingEscape\Intermediate\Build\Win64\BuildingEscapeEditor\Development\BuildingEscapeEditor.uhtmanifest" -LogCmds="loginit warning, logexit warning, logdatabase error" -Unattended -WarningsAsErrors -installed
[2017.03.18-19.40.29:461][191]CompilerResultsLog: Info Reflection code generated for BuildingEscapeEditor in 2.1499314 seconds
[2017.03.18-19.40.29:461][191]CompilerResultsLog: Info Performing 3 actions (4 in parallel)
[2017.03.18-19.40.29:461][191]CompilerResultsLog: Info BuildingEscape.generated.cpp
[2017.03.18-19.40.29:461][191]CompilerResultsLog: Info PositionReport.cpp
[2017.03.18-19.40.29:461][191]CompilerResultsLog: Info [3/3] Link UE4Editor-BuildingEscape-1275.dll
[2017.03.18-19.40.29:461][191]CompilerResultsLog: Info    Creating library E:\UE4-Course\UE4-COURSE\BuildingEscape\Intermediate\Build\Win64\UE4Editor\Development\UE4Editor-BuildingEscape-1275.lib and object E:\UE4-Course\UE4-COURSE\BuildingEscape\Intermediate\Build\Win64\UE4Editor\Development\UE4Editor-BuildingEscape-1275.exp
[2017.03.18-19.40.29:461][191]CompilerResultsLog: Info Total build time: 48.66 seconds
[2017.03.18-19.40.29:461][191]LogMainFrame: MainFrame: Module compiling took 48.835 seconds
[2017.03.18-19.40.29:499][191]LogClass: Could not find existing class PositionReport in package /Script/BuildingEscape for HotReload, assuming new class
[2017.03.18-19.40.29:501][191]LogContentBrowser: Native class hierarchy updated for 'BuildingEscape' in 0.0008 seconds. Added 2 classes and 2 folders.
[2017.03.18-19.40.29:503][191]Display: HotReload successful (0 functions remapped  0 scriptstructs remapped)
[2017.03.18-19.40.29:562][191]LogContentBrowser: Native class hierarchy populated in 0.0073 seconds. Added 2194 classes and 434 folders.
[2017.03.18-19.40.29:566][191]Display: HotReload took 48.9s.
[2017.03.18-19.40.29:567][191]Warning: HotReload operation took 48.9s.
[2017.03.18-19.40.29:665][191]LogHotReload: New module detected: UE4Editor-BuildingEscape-1275.dll
[2017.03.18-19.40.29:696][192]LogHotReload: Starting Hot-Reload from IDE
[2017.03.18-19.40.29:762][192]LogContentBrowser: Native class hierarchy updated for 'BuildingEscape' in 0.0010 seconds. Added 2 classes and 2 folders.
[2017.03.18-19.40.29:765][192]Display: HotReload successful (0 functions remapped  0 scriptstructs remapped)
[2017.03.18-19.40.29:774][192]LogContentBrowser: Native class hierarchy populated in 0.0070 seconds. Added 2194 classes and 434 folders.
[2017.03.18-19.40.29:782][192]Display: HotReload took  0.1s.
[2017.03.18-19.40.39:408][210]LogVSAccessor:Warning: Couldn't goto line number '0' in 'E:/UE4-Course/UE4-COURSE/BuildingEscape/Source/BuildingEscape/PositionReport.h'
[2017.03.18-19.40.39:440][210]LogVSAccessor:Warning: Couldn't goto line number '0' in 'E:/UE4-Course/UE4-COURSE/BuildingEscape/Source/BuildingEscape/PositionReport.cpp'
[2017.03.18-19.50.17:351][920]Cmd: OBJ SAVEPACKAGE PACKAGE="/Game/Main" FILE="E:/UE4-Course/UE4-COURSE/BuildingEscape/Saved/Autosaves/Game/Main_Auto1.umap" SILENT=true AUTOSAVING=true KEEPDIRTY=false
[2017.03.18-19.50.17:380][920]LogSavePackage: Save=23.62ms
[2017.03.18-19.50.17:380][920]LogSavePackage: Moving 'E:/UE4-Course/UE4-COURSE/BuildingEscape/Saved/Main_Auto14C1E144749D5F9BDEFF125B9E60E7CD1.tmp' to 'E:/UE4-Course/UE4-COURSE/BuildingEscape/Saved/Autosaves/Game/Main_Auto1.umap'
[2017.03.18-19.50.17:427][920]LogSavePackage:Display: Finished SavePackage E:/UE4-Course/UE4-COURSE/BuildingEscape/Saved/Autosaves/Game/Main_Auto1.umap
[2017.03.18-19.50.17:429][920]LogFileHelpers: Editor autosave (incl. sublevels) for '/Game/Main' took 0.129
[2017.03.18-19.50.17:430][920]LogFileHelpers: Editor autosave (incl. sublevels) for all levels took 0.129
[2017.03.18-19.50.36:132][757]LogSlate: Only BGRA pngs, bmps or icos are supported in by External Image Picker
[2017.03.18-19.50.36:305][767]LogTemp:Display: Executing iPhonePackager certificates Engine -bundlename com.YourCompany.BuildingEscape

[2017.03.18-19.50.36:305][767]LogTemp:Display: CWD: D:\Epic Games\4.14\Engine\Binaries\DotNet\IOS

[2017.03.18-19.50.36:305][767]LogTemp:Display: Initial Dir: D:\Epic Games\4.14

[2017.03.18-19.50.36:305][767]LogTemp:Display: Env CWD: D:\Epic Games\4.14\Engine\Binaries\DotNet\IOS

[2017.03.18-19.50.36:314][768]LogTemp:Display: BranchPath = KYLE-PC/D/Epic Games/4.14/Engine/Binaries --- GameBranchPath = KYLE-PC/D/Epic Games/4.14/Engine/Binaries

[2017.03.18-19.50.36:336][770]LogTemp:Display: IPP ERROR: Application exception: System.IO.DirectoryNotFoundException: Could not find a part of the path 'C:\Users\Kyle.Kyle-PC\AppData\Local\Apple Computer\MobileDevice\Provisioning Profiles'.

[2017.03.18-19.50.36:336][770]LogTemp:Display:    at System.IO.__Error.WinIOError(Int32 errorCode, String maybeFullPath)

[2017.03.18-19.50.36:336][770]LogTemp:Display:    at System.IO.FileSystemEnumerableIterator`1.CommonInit()

[2017.03.18-19.50.36:336][770]LogTemp:Display:    at System.IO.Directory.EnumerateFiles(String path, String searchPattern)

[2017.03.18-19.50.36:336][770]LogTemp:Display:    at iPhonePackager.CodeSignatureBuilder.FindProvisions(String CFBundleIdentifier)

[2017.03.18-19.50.36:336][770]LogTemp:Display:    at iPhonePackager.Program.Main(String[] args)

[2017.03.18-19.50.56:495][874]MapCheck: New page: Map Check
[2017.03.18-19.50.56:509][874]LightingResults: New page: Lighting Build - 18 Mar 2017 19:50:56
[2017.03.18-19.50.56:551][874]LogSwarmInterface: [OpenConnection] Registering TCP channel ...
[2017.03.18-19.50.56:661][874]LogSwarmInterface: [OpenConnection] Connecting to agent ...
[2017.03.18-19.50.56:672][874]LogSwarmInterface: [TryOpenConnection] Testing the Agent
[2017.03.18-19.50.57:181][874]LogSwarmInterface: [TryOpenConnection] Opening Connection to Agent
[2017.03.18-19.50.57:181][874]LogSwarmInterface: [TryOpenConnection] Local Process ID is 19332
[2017.03.18-19.51.00:472][874]LogStaticLightingSystem:Warning: No importance volume found, so the scene bounding box was used.  You can optimize your scene's quality and lighting build times by adding importance volumes.
[2017.03.18-19.51.00:472][874]LogStaticLightingSystem: Running Lightmass w/ ImmediateImport mode ENABLED
[2017.03.18-19.51.00:472][874]LogStaticLightingSystem: Running Lightmass w/ ImmediateProcess mode ENABLED
[2017.03.18-19.51.00:472][874]LogStaticLightingSystem: Running Lightmass w/ Sorting mode ENABLED
[2017.03.18-19.51.00:472][874]LogStaticLightingSystem: Running Lightmass w/ Mapping paddings ENABLED
[2017.03.18-19.51.00:472][874]LogStaticLightingSystem: Running Lightmass w/ Mapping debug paddings DISABLED
[2017.03.18-19.51.00:776][874]LogEditorBuildUtils: Build time 0:04
[2017.03.18-19.51.00:799][874]LogMaterial: Missing cached shader map for material FLightmassMaterialRenderer M_Chair, compiling. 
[2017.03.18-19.51.00:853][874]LogMaterial: Missing cached shader map for material FLightmassMaterialRenderer M_Chair, compiling. 
[2017.03.18-19.51.04:079][883]Job is a success!
[2017.03.18-19.51.04:856][884]LogTexture:Display: Building textures: HQ_Lightmap1_1 (AutoDXT)
[2017.03.18-19.51.04:856][884]LogTexture:Display: Building textures: LQ_Lightmap_1_1 (DXT1)
[2017.03.18-19.51.04:856][884]LogTexture:Display: Building textures: LQ_Lightmap_1_2 (DXT1)
[2017.03.18-19.51.04:856][884]LogTexture:Display: Building textures: HQ_Lightmap1_2 (AutoDXT)
[2017.03.18-19.51.04:856][884]LogTexture:Display: Building textures: ShadowMapTexture2D_2 (G8)
[2017.03.18-19.51.04:856][884]LogTexture:Display: Building textures: ShadowMapTexture2D_3 (G8)
[2017.03.18-19.51.04:872][884]Lightmass on KYLE-PC: 1.47 sec total, 57 ms importing, 3 ms setup, 304 ms photons, 1.09 sec processing, 0 ms extra exporting [3/3 mappings]. Threads: 7.45 sec total, 444 ms processing.
[2017.03.18-19.51.04:885][884]LogStaticLightingSystem: Illumination: 8.01 sec (22 ms encoding lightmaps, 10 ms encoding shadowmaps)
[2017.03.18-19.51.04:885][884]LogStaticLightingSystem: Lightmap texture memory:  0.1 MB (0.1 MB streaming, 0.0 MB non-streaming), 4 textures
[2017.03.18-19.51.04:885][884]LogStaticLightingSystem: Shadowmap texture memory: 0.0 MB (0.0 MB streaming, 0.0 MB non-streaming), 2 textures
[2017.03.18-19.51.05:488][884]DumpUnbuiltLightIteractions
[2017.03.18-19.51.05:488][884]Lights with unbuilt interactions: 0
[2017.03.18-19.51.05:488][884]
[2017.03.18-19.51.05:488][884]Primitives with unbuilt interactions: 0
[2017.03.18-19.51.05:493][885]Cmd: MAP CHECK NOTIFYRESULTS
[2017.03.18-19.51.05:493][885]MapCheck: New page: Main - 18 Mar 2017 19:51:05
[2017.03.18-19.51.05:531][885]MapCheck: Info Map check complete: 0 Error(s), 0 Warning(s), took 37.697ms to complete.
[2017.03.18-19.54.08:101][482]Cmd: OBJ SAVEPACKAGE PACKAGE="/Game/Main" FILE="E:/UE4-Course/UE4-COURSE/BuildingEscape/Content/Main.umap" SILENT=true AUTOSAVING=false KEEPDIRTY=false
[2017.03.18-19.54.08:121][482]LogSavePackage: Save=10.72ms
[2017.03.18-19.54.08:121][482]LogSavePackage: Moving 'E:/UE4-Course/UE4-COURSE/BuildingEscape/Saved/Main7CC15C044DA0DB792F2AFCB0E2281926.tmp' to 'E:/UE4-Course/UE4-COURSE/BuildingEscape/Content/Main.umap'
[2017.03.18-19.54.08:124][482]LogSavePackage:Display: Finished SavePackage E:/UE4-Course/UE4-COURSE/BuildingEscape/Content/Main.umap
[2017.03.18-19.54.08:135][482]Cmd: OBJ SAVEPACKAGE PACKAGE="/Game/Main_BuiltData" FILE="E:/UE4-Course/UE4-COURSE/BuildingEscape/Content/Main_BuiltData.uasset" SILENT=true
[2017.03.18-19.54.08:147][482]LogSavePackage: Save=9.72ms
[2017.03.18-19.54.08:147][482]LogSavePackage: Moving 'E:/UE4-Course/UE4-COURSE/BuildingEscape/Saved/Main_BuiltDataC772DEEA4C3A2B23C3AFBC8B93EC3ABE.tmp' to 'E:/UE4-Course/UE4-COURSE/BuildingEscape/Content/Main_BuiltData.uasset'
[2017.03.18-19.54.08:150][482]LogSavePackage:Display: Finished SavePackage E:/UE4-Course/UE4-COURSE/BuildingEscape/Content/Main_BuiltData.uasset
[2017.03.18-19.54.09:109][571]Cmd: QUIT_EDITOR
[2017.03.18-19.54.09:136][571]LogWindowsTextInputMethodSystem:Display: IME system now deactivated.
[2017.03.18-19.54.09:169][571]LogExit: Preparing to exit.
[2017.03.18-19.54.10:314][571]LogExit: Editor shut down
[2017.03.18-19.54.10:315][571]LogExit: Transaction tracking system shut down
[2017.03.18-19.54.10:410][571]LogObj: Freed 0b from 0 cluster array pools.
[2017.03.18-19.54.10:411][571]LogExit: Object subsystem successfully closed.
[2017.03.18-19.54.10:440][571]LogD3D11RHI: Shutdown
[2017.03.18-19.54.10:440][571]LogD3D11RHI: CleanupD3DDevice
[2017.03.18-19.54.10:593][571]LogD3D11RHI: ~FD3D11DynamicRHI
[2017.03.18-19.54.10:599][571]LogHttp:Display: Http module shutting down, but needs to wait on 1 outstanding Http requests:
[2017.03.18-19.54.10:599][571]LogHttp:Display: 	verb=[POST] url=[https://datarouter.ol.epicgames.com/datarouter/api/v1/public/data?SessionID=%7B99A15318-4E2A-89E7-17E3-F8A65496E097%7D&AppID=UEEditor.Rocket.Release&AppVersion=4.14.3-3249277%2B%2B%2BUE4%2BRelease-4.14&UserID=419fe51945fcf732795b34aa5169b0e2%7Cb453c105f9a24972ac067cb31be36d51%7C7cb4439f-614c-476f-a9fd-fc9ffe665406&AppEnvironment=datacollector-binary&UploadType=eteventstream] status=Processing
[2017.03.18-19.54.10:616][571]LogModuleManager: Shutting down and abandoning module ExternalImagePicker (243)
[2017.03.18-19.54.10:616][571]LogModuleManager: Shutting down and abandoning module HierarchicalLODOutliner (242)
[2017.03.18-19.54.10:616][571]LogModuleManager: Shutting down and abandoning module CrashTracker (241)
[2017.03.18-19.54.10:616][571]LogModuleManager: Shutting down and abandoning module SceneOutliner (240)
[2017.03.18-19.54.10:616][571]LogModuleManager: Shutting down and abandoning module WidgetCarousel (239)
[2017.03.18-19.54.10:616][571]LogModuleManager: Shutting down and abandoning module AddContentDialog (238)
[2017.03.18-19.54.10:616][571]LogDirectoryWatcher: A directory notification for 'D:/Epic Games/4.14/FeaturePacks/' was aborted.
[2017.03.18-19.54.10:621][571]LogModuleManager: Shutting down and abandoning module GameplayTags (237)
[2017.03.18-19.54.10:621][571]LogModuleManager: Shutting down and abandoning module EditorWidgets (236)
[2017.03.18-19.54.10:621][571]LogModuleManager: Shutting down and abandoning module CollectionManager (235)
[2017.03.18-19.54.10:621][571]LogDirectoryWatcher: A directory notification for 'E:/UE4-Course/UE4-COURSE/BuildingEscape/Content/Collections/' was aborted.
[2017.03.18-19.54.10:621][571]LogDirectoryWatcher: A directory notification for 'E:/UE4-Course/UE4-COURSE/BuildingEscape/Content/Developers/Kyle/Collections/' was aborted.
[2017.03.18-19.54.10:621][571]LogDirectoryWatcher: A directory notification for 'E:/UE4-Course/UE4-COURSE/BuildingEscape/Saved/Collections/' was aborted.
[2017.03.18-19.54.10:621][571]LogModuleManager: Shutting down and abandoning module StatsViewer (234)
[2017.03.18-19.54.10:621][571]LogModuleManager: Shutting down and abandoning module FoliageEdit (233)
[2017.03.18-19.54.10:621][571]LogModuleManager: Shutting down and abandoning module LandscapeEditor (232)
[2017.03.18-19.54.10:621][571]LogModuleManager: Shutting down and abandoning module SceneDepthPickerMode (231)
[2017.03.18-19.54.10:621][571]LogModuleManager: Shutting down and abandoning module ActorPickerMode (230)
[2017.03.18-19.54.10:621][571]LogModuleManager: Shutting down and abandoning module GeometryMode (229)
[2017.03.18-19.54.10:621][571]LogModuleManager: Shutting down and abandoning module TextureAlignMode (228)
[2017.03.18-19.54.10:621][571]LogModuleManager: Shutting down and abandoning module BspMode (227)
[2017.03.18-19.54.10:621][571]LogModuleManager: Shutting down and abandoning module HardwareSurvey (226)
[2017.03.18-19.54.10:621][571]LogModuleManager: Shutting down and abandoning module SequenceRecorderSections (225)
[2017.03.18-19.54.10:621][571]LogModuleManager: Shutting down and abandoning module AutomationWorker (224)
[2017.03.18-19.54.10:621][571]LogModuleManager: Shutting down and abandoning module MatineeToLevelSequence (223)
[2017.03.18-19.54.10:621][571]LogModuleManager: Shutting down and abandoning module PlacementMode (222)
[2017.03.18-19.54.10:621][571]LogModuleManager: Shutting down and abandoning module LevelSequenceEditor (221)
[2017.03.18-19.54.10:621][571]LogModuleManager: Shutting down and abandoning module WmfMediaFactory (220)
[2017.03.18-19.54.10:621][571]LogModuleManager: Shutting down and abandoning module WmfMediaEditor (219)
[2017.03.18-19.54.10:621][571]LogModuleManager: Shutting down and abandoning module AvfMediaFactory (218)
[2017.03.18-19.54.10:621][571]LogModuleManager: Shutting down and abandoning module AvfMediaEditor (217)
[2017.03.18-19.54.10:621][571]LogModuleManager: Shutting down and abandoning module Media (216)
[2017.03.18-19.54.10:621][571]LogModuleManager: Shutting down and abandoning module AndroidMediaFactory (215)
[2017.03.18-19.54.10:621][571]LogModuleManager: Shutting down and abandoning module AndroidMediaEditor (214)
[2017.03.18-19.54.10:621][571]LogModuleManager: Shutting down and abandoning module CharacterAI (213)
[2017.03.18-19.54.10:621][571]LogModuleManager: Shutting down and abandoning module SequenceRecorder (212)
[2017.03.18-19.54.10:621][571]LogModuleManager: Shutting down and abandoning module AudioCapture (211)
[2017.03.18-19.54.10:621][571]LogModuleManager: Shutting down and abandoning module SmartSnapping (210)
[2017.03.18-19.54.10:621][571]LogModuleManager: Shutting down and abandoning module SessionServices (209)
[2017.03.18-19.54.10:621][571]LogModuleManager: Shutting down and abandoning module ViewportSnapping (208)
[2017.03.18-19.54.10:621][571]LogModuleManager: Shutting down and abandoning module ViewportInteraction (207)
[2017.03.18-19.54.10:621][571]LogModuleManager: Shutting down and abandoning module LogVisualizer (206)
[2017.03.18-19.54.10:621][571]LogModuleManager: Shutting down and abandoning module GameProjectGeneration (205)
[2017.03.18-19.54.10:621][571]LogModuleManager: Shutting down and abandoning module IntroTutorials (204)
[2017.03.18-19.54.10:621][571]LogModuleManager: Shutting down and abandoning module EditorLiveStreaming (203)
[2017.03.18-19.54.10:621][571]LogModuleManager: Shutting down and abandoning module IOSPlatformEditor (202)
[2017.03.18-19.54.10:621][571]LogModuleManager: Shutting down and abandoning module HTML5PlatformEditor (201)
[2017.03.18-19.54.10:621][571]LogModuleManager: Shutting down and abandoning module AndroidDeviceDetection (200)
[2017.03.18-19.54.11:490][571]LogModuleManager: Shutting down and abandoning module AndroidPlatformEditor (199)
[2017.03.18-19.54.11:490][571]LogModuleManager: Shutting down and abandoning module IOSRuntimeSettings (198)
[2017.03.18-19.54.11:490][571]LogModuleManager: Shutting down and abandoning module AndroidRuntimeSettings (197)
[2017.03.18-19.54.11:490][571]LogModuleManager: Shutting down and abandoning module InputBindingEditor (196)
[2017.03.18-19.54.11:490][571]LogModuleManager: Shutting down and abandoning module NiagaraEditor (195)
[2017.03.18-19.54.11:490][571]LogModuleManager: Shutting down and abandoning module MergeActors (194)
[2017.03.18-19.54.11:490][571]LogModuleManager: Shutting down and abandoning module SizeMap (193)
[2017.03.18-19.54.11:490][571]LogModuleManager: Shutting down and abandoning module TreeMap (192)
[2017.03.18-19.54.11:490][571]LogModuleManager: Shutting down and abandoning module ReferenceViewer (191)
[2017.03.18-19.54.11:490][571]LogModuleManager: Shutting down and abandoning module LocalizationService (190)
[2017.03.18-19.54.11:490][571]LogModuleManager: Shutting down and abandoning module LocalizationDashboard (189)
[2017.03.18-19.54.11:490][571]LogModuleManager: Shutting down and abandoning module HardwareTargeting (188)
[2017.03.18-19.54.11:490][571]LogModuleManager: Shutting down and abandoning module DeviceProfileEditor (187)
[2017.03.18-19.54.11:490][571]LogModuleManager: Shutting down and abandoning module UndoHistory (186)
[2017.03.18-19.54.11:490][571]LogModuleManager: Shutting down and abandoning module UserFeedback (185)
[2017.03.18-19.54.11:490][571]LogModuleManager: Shutting down and abandoning module XmlParser (184)
[2017.03.18-19.54.11:490][571]LogModuleManager: Shutting down and abandoning module Blutility (183)
[2017.03.18-19.54.11:490][571]LogModuleManager: Shutting down and abandoning module ProjectTargetPlatformEditor (182)
[2017.03.18-19.54.11:490][571]LogModuleManager: Shutting down and abandoning module ProjectSettingsViewer (181)
[2017.03.18-19.54.11:490][571]LogModuleManager: Shutting down and abandoning module EditorSettingsViewer (180)
[2017.03.18-19.54.11:490][571]LogModuleManager: Shutting down and abandoning module SettingsEditor (179)
[2017.03.18-19.54.11:490][571]LogModuleManager: Shutting down and abandoning module ProjectLauncher (178)
[2017.03.18-19.54.11:490][571]LogModuleManager: Shutting down and abandoning module SessionFrontend (177)
[2017.03.18-19.54.11:490][571]LogModuleManager: Shutting down and abandoning module ProfilerClient (176)
[2017.03.18-19.54.11:490][571]LogModuleManager: Shutting down and abandoning module TargetDeviceServices (175)
[2017.03.18-19.54.11:490][571]LogModuleManager: Shutting down and abandoning module DeviceManager (174)
[2017.03.18-19.54.11:544][571]LogModuleManager: Shutting down and abandoning module AutomationController (173)
[2017.03.18-19.54.11:544][571]LogModuleManager: Shutting down and abandoning module AutomationWindow (172)
[2017.03.18-19.54.11:544][571]LogModuleManager: Shutting down and abandoning module Layers (171)
[2017.03.18-19.54.11:544][571]LogModuleManager: Shutting down and abandoning module ComponentVisualizers (170)
[2017.03.18-19.54.11:544][571]LogModuleManager: Shutting down and abandoning module DetailCustomizations (169)
[2017.03.18-19.54.11:544][571]LogModuleManager: Shutting down and abandoning module PackagesDialog (168)
[2017.03.18-19.54.11:544][571]LogModuleManager: Shutting down and abandoning module AnimGraph (167)
[2017.03.18-19.54.11:544][571]LogModuleManager: Shutting down and abandoning module Persona (166)
[2017.03.18-19.54.11:544][571]LogModuleManager: Shutting down and abandoning module Kismet (165)
[2017.03.18-19.54.11:544][571]LogModuleManager: Shutting down and abandoning module GraphEditor (164)
[2017.03.18-19.54.11:544][571]LogModuleManager: Shutting down and abandoning module ClassViewer (163)
[2017.03.18-19.54.11:546][571]LogModuleManager: Shutting down and abandoning module Toolbox (162)
[2017.03.18-19.54.11:546][571]LogModuleManager: Shutting down and abandoning module ModuleUI (161)
[2017.03.18-19.54.11:546][571]LogModuleManager: Shutting down and abandoning module MovieSceneTools (160)
[2017.03.18-19.54.11:546][571]LogModuleManager: Shutting down and abandoning module OutputLog (159)
[2017.03.18-19.54.11:546][571]LogModuleManager: Shutting down and abandoning module GammaUI (158)
[2017.03.18-19.54.11:546][571]LogModuleManager: Shutting down and abandoning module Documentation (157)
[2017.03.18-19.54.11:546][571]LogModuleManager: Shutting down and abandoning module Niagara (156)
[2017.03.18-19.54.11:546][571]LogModuleManager: Shutting down and abandoning module StreamingPauseRendering (155)
[2017.03.18-19.54.11:546][571]LogModuleManager: Shutting down and abandoning module AnalyticsET (154)
[2017.03.18-19.54.11:546][571]LogModuleManager: Shutting down and abandoning module PortalServices (153)
[2017.03.18-19.54.11:546][571]LogModuleManager: Shutting down and abandoning module PortalRpc (152)
[2017.03.18-19.54.11:546][571]LogModuleManager: Shutting down and abandoning module MessagingRpc (151)
[2017.03.18-19.54.11:546][571]LogModuleManager: Shutting down and abandoning module GameplayDebugger (150)
[2017.03.18-19.54.11:546][571]LogModuleManager: Shutting down and abandoning module AITestSuite (149)
[2017.03.18-19.54.11:546][571]LogModuleManager: Shutting down and abandoning module AIModule (148)
[2017.03.18-19.54.11:546][571]LogModuleManager: Shutting down and abandoning module ProfilerService (147)
[2017.03.18-19.54.11:574][571]LogModuleManager: Shutting down and abandoning module TaskGraph (146)
[2017.03.18-19.54.11:574][571]LogModuleManager: Shutting down and abandoning module SlateRemote (145)
[2017.03.18-19.54.11:574][571]LogModuleManager: Shutting down and abandoning module SteamVRController (144)
[2017.03.18-19.54.11:574][571]LogModuleManager: Shutting down and abandoning module SteamVR (143)
[2017.03.18-19.54.11:574][571]LogModuleManager: Shutting down and abandoning module ProceduralMeshComponentEditor (142)
[2017.03.18-19.54.11:574][571]LogModuleManager: Shutting down and abandoning module ProceduralMeshComponent (141)
[2017.03.18-19.54.11:574][571]LogModuleManager: Shutting down and abandoning module OculusLibrary (140)
[2017.03.18-19.54.11:574][571]LogModuleManager: Shutting down and abandoning module OculusInput (139)
[2017.03.18-19.54.11:574][571]LogModuleManager: Shutting down and abandoning module MobilePatchingUtils (138)
[2017.03.18-19.54.11:574][571]LogModuleManager: Shutting down and abandoning module CustomMeshComponent (137)
[2017.03.18-19.54.11:574][571]LogModuleManager: Shutting down and abandoning module CableComponent (136)
[2017.03.18-19.54.11:574][571]LogModuleManager: Shutting down and abandoning module ArchVisCharacter (135)
[2017.03.18-19.54.11:574][571]LogModuleManager: Shutting down and abandoning module MediaPlayerEditor (133)
[2017.03.18-19.54.11:574][571]LogModuleManager: Shutting down and abandoning module HTML5Networking (132)
[2017.03.18-19.54.11:574][571]LogModuleManager: Shutting down and abandoning module GeometryCacheEd (131)
[2017.03.18-19.54.11:574][571]LogModuleManager: Shutting down and abandoning module GeometryCache (130)
[2017.03.18-19.54.11:574][571]LogModuleManager: Shutting down and abandoning module AlembicLibrary (129)
[2017.03.18-19.54.11:574][571]LogModuleManager: Shutting down and abandoning module AlembicImporter (128)
[2017.03.18-19.54.11:574][571]LogModuleManager: Shutting down and abandoning module SuperSearch (127)
[2017.03.18-19.54.11:574][571]LogModuleManager: Shutting down and abandoning module SuperSearchEditor (126)
[2017.03.18-19.54.11:574][571]LogModuleManager: Shutting down and abandoning module SpeedTreeImporter (125)
[2017.03.18-19.54.11:574][571]LogModuleManager: Shutting down and abandoning module PluginBrowser (124)
[2017.03.18-19.54.11:574][571]LogModuleManager: Shutting down and abandoning module MobileLauncherProfileWizard (123)
[2017.03.18-19.54.11:574][571]LogModuleManager: Shutting down and abandoning module EpicSurvey (122)
[2017.03.18-19.54.11:574][571]LogModuleManager: Shutting down and abandoning module DesktopPlatform (121)
[2017.03.18-19.54.11:574][571]LogModuleManager: Shutting down and abandoning module VisualStudioSourceCodeAccess (120)
[2017.03.18-19.54.11:574][571]LogModuleManager: Shutting down and abandoning module UObjectPlugin (119)
[2017.03.18-19.54.11:574][571]LogModuleManager: Shutting down and abandoning module SubversionSourceControl (118)
[2017.03.18-19.54.11:574][571]LogModuleManager: Shutting down and abandoning module PerforceSourceControl (117)
[2017.03.18-19.54.11:574][571]LogModuleManager: Shutting down and abandoning module SourceControl (116)
[2017.03.18-19.54.11:574][571]LogModuleManager: Shutting down and abandoning module GitSourceControl (115)
[2017.03.18-19.54.11:574][571]LogModuleManager: Shutting down and abandoning module LightPropagationVolumeEditor (114)
[2017.03.18-19.54.11:574][571]LogModuleManager: Shutting down and abandoning module PaperTiledImporter (113)
[2017.03.18-19.54.11:574][571]LogModuleManager: Shutting down and abandoning module PaperSpriteSheetImporter (112)
[2017.03.18-19.54.11:574][571]LogModuleManager: Shutting down and abandoning module MeshPaint (111)
[2017.03.18-19.54.11:574][571]LogModuleManager: Shutting down and abandoning module PixelInspectorModule (110)
[2017.03.18-19.54.11:574][571]LogModuleManager: Shutting down and abandoning module HotReload (109)
[2017.03.18-19.54.11:575][571]LogDirectoryWatcher: A directory notification for 'E:/UE4-Course/UE4-COURSE/BuildingEscape/Binaries/Win64' was aborted.
[2017.03.18-19.54.11:575][571]LogModuleManager: Shutting down and abandoning module MainFrame (108)
[2017.03.18-19.54.11:575][571]LogModuleManager: Shutting down and abandoning module LevelEditor (107)
[2017.03.18-19.54.11:576][571]LogModuleManager: Shutting down and abandoning module ContentBrowser (106)
[2017.03.18-19.54.11:577][571]LogModuleManager: Shutting down and abandoning module Paper2DEditor (105)
[2017.03.18-19.54.11:577][571]LogModuleManager: Shutting down and abandoning module BuildingEscape (104)
[2017.03.18-19.54.11:577][571]LogModuleManager: Shutting down and abandoning module UdpMessaging (103)
[2017.03.18-19.54.11:678][571]LogModuleManager: Shutting down and abandoning module TcpMessaging (102)
[2017.03.18-19.54.11:778][571]LogModuleManager: Shutting down and abandoning module LightPropagationVolumeRuntime (101)
[2017.03.18-19.54.11:778][571]LogModuleManager: Shutting down and abandoning module Paper2D (100)
[2017.03.18-19.54.11:778][571]LogModuleManager: Shutting down and abandoning module WindowsMoviePlayer (99)
[2017.03.18-19.54.11:778][571]LogModuleManager: Shutting down and abandoning module WmfMedia (98)
[2017.03.18-19.54.11:778][571]LogModuleManager: Shutting down and abandoning module MediaAssets (97)
[2017.03.18-19.54.11:778][571]LogModuleManager: Shutting down and abandoning module GameLiveStreaming (96)
[2017.03.18-19.54.11:778][571]LogModuleManager: Shutting down and abandoning module GameplayTagsEditor (95)
[2017.03.18-19.54.11:778][571]LogModuleManager: Shutting down and abandoning module VREditor (94)
[2017.03.18-19.54.11:778][571]LogModuleManager: Shutting down and abandoning module GameplayTasksEditor (93)
[2017.03.18-19.54.11:778][571]LogModuleManager: Shutting down and abandoning module BehaviorTreeEditor (92)
[2017.03.18-19.54.11:778][571]LogModuleManager: Shutting down and abandoning module FunctionalTesting (91)
[2017.03.18-19.54.11:778][571]LogModuleManager: Shutting down and abandoning module CollisionAnalyzer (90)
[2017.03.18-19.54.11:778][571]LogModuleManager: Shutting down and abandoning module Sequencer (89)
[2017.03.18-19.54.11:778][571]LogModuleManager: Shutting down and abandoning module WorkspaceMenuStructure (88)
[2017.03.18-19.54.11:778][571]LogModuleManager: Shutting down and abandoning module MessageLog (87)
[2017.03.18-19.54.11:778][571]LogModuleManager: Shutting down and abandoning module AssetTools (86)
[2017.03.18-19.54.11:778][571]LogModuleManager: Shutting down and abandoning module UMGEditor (85)
[2017.03.18-19.54.11:778][571]LogModuleManager: Shutting down and abandoning module UMG (84)
[2017.03.18-19.54.11:778][571]LogModuleManager: Shutting down and abandoning module SlateReflector (83)
[2017.03.18-19.54.11:778][571]LogModuleManager: Shutting down and abandoning module Slate (82)
[2017.03.18-19.54.11:778][571]LogModuleManager: Shutting down and abandoning module EditorStyle (81)
[2017.03.18-19.54.11:780][571]LogModuleManager: Shutting down and abandoning module SourceCodeAccess (80)
[2017.03.18-19.54.11:780][571]LogModuleManager: Shutting down and abandoning module HeadMountedDisplay (79)
[2017.03.18-19.54.11:780][571]LogModuleManager: Shutting down and abandoning module XAudio2 (78)
[2017.03.18-19.54.11:780][571]LogModuleManager: Shutting down and abandoning module Networking (76)
[2017.03.18-19.54.11:780][571]LogModuleManager: Shutting down and abandoning module Core (75)
[2017.03.18-19.54.11:780][571]LogModuleManager: Shutting down and abandoning module DirectoryWatcher (74)
[2017.03.18-19.54.11:780][571]LogDirectoryWatcher: A directory notification for '../../../Engine/Content/' was aborted.
[2017.03.18-19.54.11:781][571]LogDirectoryWatcher: A directory notification for 'E:/UE4-Course/UE4-COURSE/BuildingEscape/Content/' was aborted.
[2017.03.18-19.54.11:781][571]LogDirectoryWatcher: A directory notification for '../../../Engine/Plugins/2D/Paper2D/Content/' was aborted.
[2017.03.18-19.54.11:782][571]LogModuleManager: Shutting down and abandoning module AssetRegistry (73)
[2017.03.18-19.54.11:858][571]LogModuleManager: Shutting down and abandoning module KismetCompiler (72)
[2017.03.18-19.54.11:858][571]LogModuleManager: Shutting down and abandoning module PhysXFormats (71)
[2017.03.18-19.54.11:858][571]LogModuleManager: Shutting down and abandoning module SimplygonSwarm (70)
[2017.03.18-19.54.11:858][571]LogModuleManager: Shutting down and abandoning module SimplygonMeshReduction (69)
[2017.03.18-19.54.11:858][571]LogModuleManager: Shutting down and abandoning module QuadricMeshReduction (68)
[2017.03.18-19.54.11:858][571]LogModuleManager: Shutting down and abandoning module PropertyEditor (67)
[2017.03.18-19.54.11:858][571]LogModuleManager: Shutting down and abandoning module MeshUtilities (66)
[2017.03.18-19.54.11:858][571]LogModuleManager: Shutting down and abandoning module DerivedDataCache (65)
[2017.03.18-19.54.11:878][571]LogDerivedDataCache: Shutdown
[2017.03.18-19.54.11:878][571]LogModuleManager: Shutting down and abandoning module VulkanShaderFormat (64)
[2017.03.18-19.54.11:878][571]LogModuleManager: Shutting down and abandoning module ShaderFormatOpenGL (63)
[2017.03.18-19.54.11:878][571]LogModuleManager: Shutting down and abandoning module ShaderFormatD3D (62)
[2017.03.18-19.54.11:878][571]LogModuleManager: Shutting down and abandoning module MetalShaderFormat (61)
[2017.03.18-19.54.11:878][571]LogModuleManager: Shutting down and abandoning module TextureFormatUncompressed (60)
[2017.03.18-19.54.11:878][571]LogModuleManager: Shutting down and abandoning module TextureFormatPVR (59)
[2017.03.18-19.54.11:878][571]LogModuleManager: Shutting down and abandoning module TextureFormatDXT (58)
[2017.03.18-19.54.11:878][571]LogModuleManager: Shutting down and abandoning module TextureFormatIntelISPCTexComp (57)
[2017.03.18-19.54.11:878][571]LogModuleManager: Shutting down and abandoning module ImageWrapper (56)
[2017.03.18-19.54.11:878][571]LogModuleManager: Shutting down and abandoning module TextureFormatASTC (55)
[2017.03.18-19.54.11:878][571]LogModuleManager: Shutting down and abandoning module TextureFormatAndroid (54)
[2017.03.18-19.54.11:878][571]LogModuleManager: Shutting down and abandoning module AudioFormatOpus (53)
[2017.03.18-19.54.11:878][571]LogModuleManager: Shutting down and abandoning module AudioFormatOgg (52)
[2017.03.18-19.54.11:878][571]LogModuleManager: Shutting down and abandoning module AudioFormatADPCM (51)
[2017.03.18-19.54.11:878][571]LogModuleManager: Shutting down and abandoning module LinuxTargetPlatform (50)
[2017.03.18-19.54.11:878][571]LogModuleManager: Shutting down and abandoning module LinuxServerTargetPlatform (49)
[2017.03.18-19.54.11:878][571]LogModuleManager: Shutting down and abandoning module LinuxNoEditorTargetPlatform (48)
[2017.03.18-19.54.11:878][571]LogModuleManager: Shutting down and abandoning module LinuxClientTargetPlatform (47)
[2017.03.18-19.54.11:878][571]LogModuleManager: Shutting down and abandoning module TVOSTargetPlatform (46)
[2017.03.18-19.54.11:878][571]LogModuleManager: Shutting down and abandoning module Messaging (45)
[2017.03.18-19.54.11:878][571]LogModuleManager: Shutting down and abandoning module IOSTargetPlatform (44)
[2017.03.18-19.54.11:878][571]LogModuleManager: Shutting down and abandoning module HTML5TargetPlatform (43)
[2017.03.18-19.54.11:878][571]LogModuleManager: Shutting down and abandoning module Android_PVRTCTargetPlatform (42)
[2017.03.18-19.54.11:878][571]LogModuleManager: Shutting down and abandoning module Android_MultiTargetPlatform (41)
[2017.03.18-19.54.11:878][571]LogModuleManager: Shutting down and abandoning module Android_ETC2TargetPlatform (40)
[2017.03.18-19.54.11:878][571]LogModuleManager: Shutting down and abandoning module Android_ETC1TargetPlatform (39)
[2017.03.18-19.54.11:878][571]LogModuleManager: Shutting down and abandoning module Android_DXTTargetPlatform (38)
[2017.03.18-19.54.11:878][571]LogModuleManager: Shutting down and abandoning module Android_ATCTargetPlatform (37)
[2017.03.18-19.54.11:878][571]LogModuleManager: Shutting down and abandoning module Android_ASTCTargetPlatform (36)
[2017.03.18-19.54.11:878][571]LogModuleManager: Shutting down and abandoning module AndroidTargetPlatform (35)
[2017.03.18-19.54.11:878][571]LogModuleManager: Shutting down and abandoning module WindowsTargetPlatform (34)
[2017.03.18-19.54.11:878][571]LogModuleManager: Shutting down and abandoning module WindowsServerTargetPlatform (33)
[2017.03.18-19.54.11:878][571]LogModuleManager: Shutting down and abandoning module WindowsNoEditorTargetPlatform (32)
[2017.03.18-19.54.11:878][571]LogModuleManager: Shutting down and abandoning module WindowsClientTargetPlatform (31)
[2017.03.18-19.54.11:878][571]LogModuleManager: Shutting down and abandoning module MacTargetPlatform (30)
[2017.03.18-19.54.11:878][571]LogModuleManager: Shutting down and abandoning module MacServerTargetPlatform (29)
[2017.03.18-19.54.11:878][571]LogModuleManager: Shutting down and abandoning module MacNoEditorTargetPlatform (28)
[2017.03.18-19.54.11:878][571]LogModuleManager: Shutting down and abandoning module MacClientTargetPlatform (27)
[2017.03.18-19.54.11:878][571]LogModuleManager: Shutting down and abandoning module AllDesktopTargetPlatform (26)
[2017.03.18-19.54.11:878][571]LogModuleManager: Shutting down and abandoning module TargetPlatform (25)
[2017.03.18-19.54.11:878][571]LogModuleManager: Shutting down and abandoning module InputCore (24)
[2017.03.18-19.54.11:878][571]LogModuleManager: Shutting down and abandoning module Settings (23)
[2017.03.18-19.54.11:878][571]LogModuleManager: Shutting down and abandoning module OculusRift (22)
[2017.03.18-19.54.11:878][571]LogModuleManager: Shutting down and abandoning module ExampleDeviceProfileSelector (21)
[2017.03.18-19.54.11:878][571]LogModuleManager: Shutting down and abandoning module OnlineBlueprintSupport (20)
[2017.03.18-19.54.11:878][571]LogModuleManager: Shutting down and abandoning module OnlineSubsystem (18)
[2017.03.18-19.54.11:878][571]LogOnline:Display: Unloading online subsystem: NULL
[2017.03.18-19.54.11:878][571]LogModuleManager: Shutting down and abandoning module SSL (17)
[2017.03.18-19.54.11:880][571]LogModuleManager: Shutting down and abandoning module HTTP (16)
[2017.03.18-19.54.11:880][571]LogModuleManager: Shutting down and abandoning module XMPP (15)
[2017.03.18-19.54.11:880][571]LogModuleManager: Shutting down and abandoning module TextureCompressor (14)
[2017.03.18-19.54.11:880][571]LogModuleManager: Shutting down and abandoning module ShaderCore (13)
[2017.03.18-19.54.11:880][571]LogModuleManager: Shutting down and abandoning module Landscape (12)
[2017.03.18-19.54.11:880][571]LogModuleManager: Shutting down and abandoning module SlateRHIRenderer (11)
[2017.03.18-19.54.11:884][571]LogModuleManager: Shutting down and abandoning module OpenGLDrv (10)
[2017.03.18-19.54.11:884][571]LogModuleManager: Shutting down and abandoning module D3D11RHI (9)
[2017.03.18-19.54.11:884][571]LogModuleManager: Shutting down and abandoning module AnimGraphRuntime (8)
[2017.03.18-19.54.11:884][571]LogModuleManager: Shutting down and abandoning module Renderer (7)
[2017.03.18-19.54.11:884][571]LogModuleManager: Shutting down and abandoning module Engine (6)
[2017.03.18-19.54.11:884][571]LogModuleManager: Shutting down and abandoning module CoreUObject (5)
[2017.03.18-19.54.11:884][571]LogModuleManager: Shutting down and abandoning module NetworkFile (4)
[2017.03.18-19.54.11:884][571]LogModuleManager: Shutting down and abandoning module StreamingFile (3)
[2017.03.18-19.54.11:884][571]LogModuleManager: Shutting down and abandoning module SandboxFile (2)
[2017.03.18-19.54.11:884][571]LogModuleManager: Shutting down and abandoning module PakFile (1)
[2017.03.18-19.54.11:886][571]LogExit: Exiting.
[2017.03.18-19.54.11:890][571]Log file closed, 03/18/17 19:54:11
